<?xml version="1.0" encoding="UTF-8"?>
<testsuite xmlns:xsi="http://www.w3.org/2001/XMLSchema-instance" xsi:noNamespaceSchemaLocation="https://maven.apache.org/surefire/maven-surefire-plugin/xsd/surefire-test-report-3.0.xsd" version="3.0" name="com.portfolio.users.repository.UserRepositoryTest" time="3.567" tests="2" errors="0" skipped="0" failures="0">
  <properties>
[...]
</properties>
  <testcase name="findByEmailIgnoreCase" classname="com.portfolio.users.repository.UserRepositoryTest" time="0.63">
    <system-out><![CDATA[11:40:43.340 [main] INFO org.springframework.test.context.support.AnnotationConfigContextLoaderUtils -- Could not detect default configuration classes for test class [com.portfolio.users.repository.UserRepositoryTest]: UserRepositoryTest does not declare any static, non-private, non-final, nested classes annotated with @Configuration.
11:40:43.437 [main] INFO org.springframework.boot.test.context.SpringBootTestContextBootstrapper -- Found @SpringBootConfiguration com.portfolio.users.UsersServiceApplication for test class com.portfolio.users.repository.UserRepositoryTest

  .   ____          _            __ _ _
 /\\ / ___'_ __ _ _(_)_ __  __ _ \ \ \ \
( ( )\___ | '_ | '_| | '_ \/ _` | \ \ \ \
 \\/  ___)| |_)| | | | | || (_| |  ) ) ) )
  '  |____| .__|_| |_|_| |_\__, | / / / /
 =========|_|==============|___/=/_/_/_/
 :: Spring Boot ::                (v3.2.0)

2025-11-25T11:40:43.764+01:00  INFO 25624 --- [           main] c.p.users.repository.UserRepositoryTest  : Starting UserRepositoryTest using Java 21.0.8 with PID 25624 (started by Usuario in C:\Users\Usuario\test_codex\users-service)
2025-11-25T11:40:43.766+01:00  INFO 25624 --- [           main] c.p.users.repository.UserRepositoryTest  : No active profile set, falling back to 1 default profile: "default"
2025-11-25T11:40:44.207+01:00  INFO 25624 --- [           main] .s.d.r.c.RepositoryConfigurationDelegate : Bootstrapping Spring Data JPA repositories in DEFAULT mode.
2025-11-25T11:40:44.353+01:00  INFO 25624 --- [           main] .s.d.r.c.RepositoryConfigurationDelegate : Finished Spring Data repository scanning in 126 ms. Found 1 JPA repository interface.
2025-11-25T11:40:44.383+01:00  INFO 25624 --- [           main] beddedDataSourceBeanFactoryPostProcessor : Replacing 'dataSource' DataSource bean with embedded version
2025-11-25T11:40:44.519+01:00  INFO 25624 --- [           main] o.s.j.d.e.EmbeddedDatabaseFactory        : Starting embedded database: url='jdbc:h2:mem:c6840eb0-213d-4310-893f-5b5673635908;DB_CLOSE_DELAY=-1;DB_CLOSE_ON_EXIT=false', username='sa'
2025-11-25T11:40:44.802+01:00  INFO 25624 --- [           main] o.hibernate.jpa.internal.util.LogHelper  : HHH000204: Processing PersistenceUnitInfo [name: default]
2025-11-25T11:40:44.862+01:00  INFO 25624 --- [           main] org.hibernate.Version                    : HHH000412: Hibernate ORM core version 6.3.1.Final
2025-11-25T11:40:44.895+01:00  INFO 25624 --- [           main] o.h.c.internal.RegionFactoryInitiator    : HHH000026: Second-level cache disabled
2025-11-25T11:40:45.127+01:00  INFO 25624 --- [           main] o.s.o.j.p.SpringPersistenceUnitInfo      : No LoadTimeWeaver setup: ignoring JPA class transformer
2025-11-25T11:40:45.682+01:00  INFO 25624 --- [           main] o.h.e.t.j.p.i.JtaPlatformInitiator       : HHH000489: No JTA platform available (set 'hibernate.transaction.jta.platform' to enable JTA platform integration)
Hibernate: drop table if exists user_roles cascade 
Hibernate: drop table if exists user_skills cascade 
Hibernate: drop table if exists users cascade 
Hibernate: create table user_roles (user_id BINARY(16) not null, role_name varchar(80))
Hibernate: create table user_skills (user_id BINARY(16) not null, skill varchar(80))
Hibernate: create table users (created_at timestamp(6) with time zone not null, inactive_since timestamp(6) with time zone, updated_at timestamp(6) with time zone, version bigint, id BINARY(16) not null, status varchar(16) not null check (status in ('ACTIVE','INACTIVE','ARCHIVED')), phone_number varchar(20), full_name varchar(120) not null, email varchar(160) not null unique, headline varchar(160), primary key (id))
Hibernate: alter table if exists user_roles add constraint FKhfh9dx7w3ubf1co1vdev94g3f foreign key (user_id) references users
Hibernate: alter table if exists user_skills add constraint FKro13if9r7fwkr5115715127ai foreign key (user_id) references users
2025-11-25T11:40:45.714+01:00  INFO 25624 --- [           main] j.LocalContainerEntityManagerFactoryBean : Initialized JPA EntityManagerFactory for persistence unit 'default'
2025-11-25T11:40:46.084+01:00  INFO 25624 --- [           main] c.p.users.repository.UserRepositoryTest  : Started UserRepositoryTest in 2.595 seconds (process running for 3.354)
Hibernate: insert into users (created_at,email,full_name,headline,inactive_since,phone_number,status,updated_at,version,id) values (?,?,?,?,?,?,?,?,?,?)
Hibernate: insert into user_skills (user_id,skill) values (?,?)
Hibernate: insert into user_skills (user_id,skill) values (?,?)
Hibernate: select ue1_0.id,ue1_0.created_at,ue1_0.email,ue1_0.full_name,ue1_0.headline,ue1_0.inactive_since,ue1_0.phone_number,ue1_0.status,ue1_0.updated_at,ue1_0.version from users ue1_0 where upper(ue1_0.email)=upper(?)
]]></system-out>
    <system-err><![CDATA[WARNING: A Java agent has been loaded dynamically (C:\Users\Usuario\.m2\repository\net\bytebuddy\byte-buddy-agent\1.14.10\byte-buddy-agent-1.14.10.jar)
WARNING: If a serviceability tool is in use, please run with -XX:+EnableDynamicAgentLoading to hide this warning
WARNING: If a serviceability tool is not in use, please run with -Djdk.instrument.traceUsage for more information
WARNING: Dynamic loading of agents will be disallowed by default in a future release
]]></system-err>
  </testcase>
  <testcase name="countByStatus" classname="com.portfolio.users.repository.UserRepositoryTest" time="0.022">
    <system-out><![CDATA[Hibernate: insert into users (created_at,email,full_name,headline,inactive_since,phone_number,status,updated_at,version,id) values (?,?,?,?,?,?,?,?,?,?)
Hibernate: insert into users (created_at,email,full_name,headline,inactive_since,phone_number,status,updated_at,version,id) values (?,?,?,?,?,?,?,?,?,?)
Hibernate: insert into user_skills (user_id,skill) values (?,?)
Hibernate: insert into user_skills (user_id,skill) values (?,?)
Hibernate: insert into user_skills (user_id,skill) values (?,?)
Hibernate: insert into user_skills (user_id,skill) values (?,?)
Hibernate: select count(ue1_0.id) from users ue1_0 where ue1_0.status=?
Hibernate: select count(ue1_0.id) from users ue1_0 where ue1_0.status=?
]]></system-out>
  </testcase>
</testsuite>